Arguments: 
  /home/marcelocaser/.nvm/versions/node/v12.16.2/bin/node /usr/share/yarn/bin/yarn.js

PATH: 
  /home/marcelocaser/.nvm/versions/node/v12.16.2/bin:/home/marcelocaser/Downloads/google-cloud-sdk/bin:/home/marcelocaser/Downloads/google-cloud-sdk/bin:/usr/local/sbin:/usr/local/bin:/usr/sbin:/usr/bin:/sbin:/bin:/usr/games:/usr/local/games:/snap/bin:/home/marcelocaser/.gradle/wrapper/dists/gradle-4.10.2-bin/cghg6c4gf4vkiutgsab8yrnwv/gradle-4.10.2/bin:/usr/lib/jvm/jdk-13.0.1/bin

Yarn version: 
  1.22.5

Node version: 
  12.16.2

Platform: 
  linux x64

Trace: 
  Error: connect EHOSTUNREACH 104.16.19.35:443
      at TCPConnectWrap.afterConnect [as oncomplete] (net.js:1141:16)

npm manifest: 
  {
    "name": "mybot",
    "version": "1.0.0",
    "description": "",
    "main": "app.js",
    "scripts": {
      "test": "echo \"Error: no test specified\" && exit 1"
    },
    "keywords": [],
    "author": "",
    "license": "ISC",
    "dependencies": {
      "dotenv": "^8.2.0",
      "express": "^4.17.1",
      "node-telegram-bot-api": "^0.50.0"
    },
    " type ": " module "
  }

yarn manifest: 
  No manifest

Lockfile: 
  No lockfile
